software/ros-app-tb3-voiceorder/android_controllerSample/build/outputs/logs/manifest-merger-debug-report.txt
-- Merging decision tree log ---
manifest
ADDED from ros-app-tb3-voiceorder/android_controllerSample/AndroidManifest.xml:2:1-36:12
INJECTED from ros-app-tb3-voiceorder/android_controllerSample/AndroidManifest.xml:2:1-36:12
INJECTED from ros-app-tb3-voiceorder/android_controllerSample/AndroidManifest.xml:2:1-36:12
MERGED from [:android_10] AndroidManifest.xml:2:1-36:12
MERGED from [com.android.support:appcompat-v7:25.1.0] AndroidManifest.xml:17:1-27:12
MERGED from [com.android.support:animated-vector-drawable:25.1.0] AndroidManifest.xml:17:1-24:12
MERGED from [com.android.support:support-vector-drawable:25.1.0] AndroidManifest.xml:17:1-25:12
MERGED from [com.android.support:support-v4:25.1.0] AndroidManifest.xml:17:1-27:12
MERGED from [com.android.support:support-fragment:25.1.0] AndroidManifest.xml:17:1-27:12
MERGED from [com.android.support:support-media-compat:25.1.0] AndroidManifest.xml:17:1-27:12
MERGED from [com.android.support:support-core-utils:25.1.0] AndroidManifest.xml:17:1-27:12
MERGED from [com.android.support:support-core-ui:25.1.0] AndroidManifest.xml:17:1-27:12
MERGED from [com.android.support:support-compat:25.1.0] AndroidManifest.xml:17:1-27:12
INJECTED from ros-app-tb3-voiceorder/android_controllerSample/AndroidManifest.xml:2:1-36:12
INJECTED from ros-app-tb3-voiceorder/android_controllerSample/AndroidManifest.xml:2:1-36:12
	package
		ADDED from ros-app-tb3-voiceorder/android_controllerSample/AndroidManifest.xml:4:5-47
	android:versionName
		INJECTED from ros-app-tb3-voiceorder/android_controllerSample/AndroidManifest.xml
		ADDED from ros-app-tb3-voiceorder/android_controllerSample/AndroidManifest.xml:2:1-36:12
		INJECTED from ros-app-tb3-voiceorder/android_controllerSample/AndroidManifest.xml
	xmlns:tools
		ADDED from ros-app-tb3-voiceorder/android_controllerSample/AndroidManifest.xml:3:5-51
	android:versionCode
		INJECTED from ros-app-tb3-voiceorder/android_controllerSample/AndroidManifest.xml
		ADDED from ros-app-tb3-voiceorder/android_controllerSample/AndroidManifest.xml:2:1-36:12
		INJECTED from ros-app-tb3-voiceorder/android_controllerSample/AndroidManifest.xml
	xmlns:android
		ADDED from ros-app-tb3-voiceorder/android_controllerSample/AndroidManifest.xml:2:11-69
uses-permission#android.permission.RECORD_AUDIO
ADDED from ros-app-tb3-voiceorder/android_controllerSample/AndroidManifest.xml:6:5-71
	android:name
		ADDED from ros-app-tb3-voiceorder/android_controllerSample/AndroidManifest.xml:6:22-68
uses-permission#android.permission.INTERNET
ADDED from ros-app-tb3-voiceorder/android_controllerSample/AndroidManifest.xml:7:5-67
	android:name
		ADDED from ros-app-tb3-voiceorder/android_controllerSample/AndroidManifest.xml:7:22-64
uses-permission#android.permission.WAKE_LOCK
ADDED from ros-app-tb3-voiceorder/android_controllerSample/AndroidManifest.xml:8:5-68
MERGED from [:android_10] AndroidManifest.xml:15:5-68
MERGED from [:android_10] AndroidManifest.xml:15:5-68
	android:name
		ADDED from ros-app-tb3-voiceorder/android_controllerSample/AndroidManifest.xml:8:22-65
uses-permission#android.permission.SYSTEM_ALERT_WINDOW
ADDED from ros-app-tb3-voiceorder/android_controllerSample/AndroidManifest.xml:9:5-78
MERGED from [:android_10] AndroidManifest.xml:16:5-78
MERGED from [:android_10] AndroidManifest.xml:16:5-78
	android:name
		ADDED from ros-app-tb3-voiceorder/android_controllerSample/AndroidManifest.xml:9:22-75
application
ADDED from ros-app-tb3-voiceorder/android_controllerSample/AndroidManifest.xml:11:5-34:19
MERGED from [:android_10] AndroidManifest.xml:18:5-34:19
MERGED from [:android_10] AndroidManifest.xml:18:5-34:19
MERGED from [com.android.support:appcompat-v7:25.1.0] AndroidManifest.xml:25:5-20
MERGED from [com.android.support:appcompat-v7:25.1.0] AndroidManifest.xml:25:5-20
MERGED from [com.android.support:animated-vector-drawable:25.1.0] AndroidManifest.xml:22:5-20
MERGED from [com.android.support:animated-vector-drawable:25.1.0] AndroidManifest.xml:22:5-20
MERGED from [com.android.support:support-vector-drawable:25.1.0] AndroidManifest.xml:23:5-20
MERGED from [com.android.support:support-vector-drawable:25.1.0] AndroidManifest.xml:23:5-20
MERGED from [com.android.support:support-v4:25.1.0] AndroidManifest.xml:25:5-20
MERGED from [com.android.support:support-v4:25.1.0] AndroidManifest.xml:25:5-20
MERGED from [com.android.support:support-fragment:25.1.0] AndroidManifest.xml:25:5-20
MERGED from [com.android.support:support-fragment:25.1.0] AndroidManifest.xml:25:5-20
MERGED from [com.android.support:support-media-compat:25.1.0] AndroidManifest.xml:25:5-20
MERGED from [com.android.support:support-media-compat:25.1.0] AndroidManifest.xml:25:5-20
MERGED from [com.android.support:support-core-utils:25.1.0] AndroidManifest.xml:25:5-20
MERGED from [com.android.support:support-core-utils:25.1.0] AndroidManifest.xml:25:5-20
MERGED from [com.android.support:support-core-ui:25.1.0] AndroidManifest.xml:25:5-20
MERGED from [com.android.support:support-core-ui:25.1.0] AndroidManifest.xml:25:5-20
MERGED from [com.android.support:support-compat:25.1.0] AndroidManifest.xml:25:5-20
MERGED from [com.android.support:support-compat:25.1.0] AndroidManifest.xml:25:5-20
	android:label
		ADDED from ros-app-tb3-voiceorder/android_controllerSample/AndroidManifest.xml:13:9-41
	android:icon
		ADDED from ros-app-tb3-voiceorder/android_controllerSample/AndroidManifest.xml:12:9-38
		REJECTED from [:android_10] AndroidManifest.xml:19:9-36
	android:allowBackup
		ADDED from ros-app-tb3-voiceorder/android_controllerSample/AndroidManifest.xml:14:9-35
	tools:replace
		ADDED from ros-app-tb3-voiceorder/android_controllerSample/AndroidManifest.xml:15:9-37
activity#org.ros.android.controllerSample.MainActivity
ADDED from ros-app-tb3-voiceorder/android_controllerSample/AndroidManifest.xml:16:9-26:20
	android:screenOrientation
		ADDED from ros-app-tb3-voiceorder/android_controllerSample/AndroidManifest.xml:18:13-50
	android:label
		ADDED from ros-app-tb3-voiceorder/android_controllerSample/AndroidManifest.xml:20:13-45
	android:theme
		ADDED from ros-app-tb3-voiceorder/android_controllerSample/AndroidManifest.xml:19:13-63
	android:name
		ADDED from ros-app-tb3-voiceorder/android_controllerSample/AndroidManifest.xml:17:13-41
intent-filter#android.intent.action.MAIN+android.intent.category.LAUNCHER
ADDED from ros-app-tb3-voiceorder/android_controllerSample/AndroidManifest.xml:21:13-25:29
action#android.intent.action.MAIN
ADDED from ros-app-tb3-voiceorder/android_controllerSample/AndroidManifest.xml:22:17-69
	android:name
		ADDED from ros-app-tb3-voiceorder/android_controllerSample/AndroidManifest.xml:22:25-66
category#android.intent.category.LAUNCHER
ADDED from ros-app-tb3-voiceorder/android_controllerSample/AndroidManifest.xml:24:17-77
	android:name
		ADDED from ros-app-tb3-voiceorder/android_controllerSample/AndroidManifest.xml:24:27-74
activity#org.ros.android.MasterChooser
ADDED from ros-app-tb3-voiceorder/android_controllerSample/AndroidManifest.xml:27:9-66
MERGED from [:android_10] AndroidManifest.xml:21:9-25:54
MERGED from [:android_10] AndroidManifest.xml:21:9-25:54
	android:label
		ADDED from [:android_10] AndroidManifest.xml:23:13-45
	android:launchMode
		ADDED from [:android_10] AndroidManifest.xml:24:13-42
	android:theme
		ADDED from [:android_10] AndroidManifest.xml:25:13-51
	android:name
		ADDED from ros-app-tb3-voiceorder/android_controllerSample/AndroidManifest.xml:27:19-63
service#org.ros.android.NodeMainExecutorService
ADDED from ros-app-tb3-voiceorder/android_controllerSample/AndroidManifest.xml:29:9-33:19
MERGED from [:android_10] AndroidManifest.xml:27:9-33:19
MERGED from [:android_10] AndroidManifest.xml:27:9-33:19
	tools:ignore
		ADDED from [:android_10] AndroidManifest.xml:29:13-43
	android:name
		ADDED from ros-app-tb3-voiceorder/android_controllerSample/AndroidManifest.xml:29:18-72
intent-filter#org.ros.android.NodeMainExecutorService
ADDED from ros-app-tb3-voiceorder/android_controllerSample/AndroidManifest.xml:30:13-32:29
action#org.ros.android.NodeMainExecutorService
ADDED from ros-app-tb3-voiceorder/android_controllerSample/AndroidManifest.xml:31:17-82
	android:name
		ADDED from ros-app-tb3-voiceorder/android_controllerSample/AndroidManifest.xml:31:25-79
uses-sdk
INJECTED from ros-app-tb3-voiceorder/android_controllerSample/AndroidManifest.xml reason: use-sdk injection requested
INJECTED from ros-app-tb3-voiceorder/android_controllerSample/AndroidManifest.xml
INJECTED from ros-app-tb3-voiceorder/android_controllerSample/AndroidManifest.xml
MERGED from [:android_10] AndroidManifest.xml:8:5-10:41
MERGED from [:android_10] AndroidManifest.xml:8:5-10:41
MERGED from [com.android.support:appcompat-v7:25.1.0] AndroidManifest.xml:21:5-23:78
MERGED from [com.android.support:appcompat-v7:25.1.0] AndroidManifest.xml:21:5-23:78
MERGED from [com.android.support:animated-vector-drawable:25.1.0] AndroidManifest.xml:20:5-44
MERGED from [com.android.support:animated-vector-drawable:25.1.0] AndroidManifest.xml:20:5-44
MERGED from [com.android.support:support-vector-drawable:25.1.0] AndroidManifest.xml:21:5-43
MERGED from [com.android.support:support-vector-drawable:25.1.0] AndroidManifest.xml:21:5-43
MERGED from [com.android.support:support-v4:25.1.0] AndroidManifest.xml:21:5-23:54
MERGED from [com.android.support:support-v4:25.1.0] AndroidManifest.xml:21:5-23:54
MERGED from [com.android.support:support-fragment:25.1.0] AndroidManifest.xml:21:5-23:60
MERGED from [com.android.support:support-fragment:25.1.0] AndroidManifest.xml:21:5-23:60
MERGED from [com.android.support:support-media-compat:25.1.0] AndroidManifest.xml:21:5-23:63
MERGED from [com.android.support:support-media-compat:25.1.0] AndroidManifest.xml:21:5-23:63
MERGED from [com.android.support:support-core-utils:25.1.0] AndroidManifest.xml:21:5-23:61
MERGED from [com.android.support:support-core-utils:25.1.0] AndroidManifest.xml:21:5-23:61
MERGED from [com.android.support:support-core-ui:25.1.0] AndroidManifest.xml:21:5-23:58
MERGED from [com.android.support:support-core-ui:25.1.0] AndroidManifest.xml:21:5-23:58
MERGED from [com.android.support:support-compat:25.1.0] AndroidManifest.xml:21:5-23:58
MERGED from [com.android.support:support-compat:25.1.0] AndroidManifest.xml:21:5-23:58
INJECTED from ros-app-tb3-voiceorder/android_controllerSample/AndroidManifest.xml
INJECTED from ros-app-tb3-voiceorder/android_controllerSample/AndroidManifest.xml
	tools:overrideLibrary
		ADDED from [com.android.support:appcompat-v7:25.1.0] AndroidManifest.xml:23:9-75
	android:targetSdkVersion
		INJECTED from ros-app-tb3-voiceorder/android_controllerSample/AndroidManifest.xml
		ADDED from ros-app-tb3-voiceorder/android_controllerSample/AndroidManifest.xml
		INJECTED from ros-app-tb3-voiceorder/android_controllerSample/AndroidManifest.xml
	android:minSdkVersion
		INJECTED from ros-app-tb3-voiceorder/android_controllerSample/AndroidManifest.xml
		ADDED from ros-app-tb3-voiceorder/android_controllerSample/AndroidManifest.xml
		INJECTED from ros-app-tb3-voiceorder/android_controllerSample/AndroidManifest.xml
uses-permission#android.permission.WRITE_EXTERNAL_STORAGE
ADDED from [:android_10] AndroidManifest.xml:12:5-81
	android:name
		ADDED from [:android_10] AndroidManifest.xml:12:22-78
uses-permission#android.permission.ACCESS_WIFI_STATE
ADDED from [:android_10] AndroidManifest.xml:13:5-76
	android:name
		ADDED from [:android_10] AndroidManifest.xml:13:22-73
uses-permission#android.permission.CHANGE_WIFI_STATE
ADDED from [:android_10] AndroidManifest.xml:14:5-76
	android:name
		ADDED from [:android_10] AndroidManifest.xml:14:22-73